# JRE version: OpenJDK Runtime Environment Temurin-11.0.14.1+1 (11.0.14.1+1) (build 11.0.14.1+1)
# Java VM: OpenJDK 64-Bit Server VM Temurin-11.0.14.1+1 (11.0.14.1+1, mixed mode, tiered, compressed oops, g1 gc, windows-amd64)
Heap:
 garbage-first heap   total 314368K, used 62901K [0x00000000c3000000, 0x0000000100000000)
  region size 1024K, 2 young (2048K), 2 survivors (2048K)
 Metaspace       used 44527K, capacity 46304K, committed 46412K, reserved 1089536K
  class space    used 5690K, capacity 6434K, committed 6476K, reserved 1048576K
GC Heap History (20 events):
Event: 12.761 GC heap after
{Heap after GC invocations=21 (full 0):
 garbage-first heap   total 76800K, used 32542K [0x00000000c3000000, 0x0000000100000000)
  region size 1024K, 3 young (3072K), 3 survivors (3072K)
 Metaspace       used 43099K, capacity 44803K, committed 45004K, reserved 1087488K
  class space    used 5560K, capacity 6279K, committed 6348K, reserved 1048576K
}
Event: 12.851 GC heap before
{Heap before GC invocations=21 (full 0):
 garbage-first heap   total 76800K, used 56094K [0x00000000c3000000, 0x0000000100000000)
  region size 1024K, 27 young (27648K), 3 survivors (3072K)
 Metaspace       used 43099K, capacity 44803K, committed 45004K, reserved 1087488K
  class space    used 5560K, capacity 6279K, committed 6348K, reserved 1048576K
}
Event: 12.855 GC heap after
{Heap after GC invocations=22 (full 0):
 garbage-first heap   total 76800K, used 33279K [0x00000000c3000000, 0x0000000100000000)
  region size 1024K, 3 young (3072K), 3 survivors (3072K)
 Metaspace       used 43099K, capacity 44803K, committed 45004K, reserved 1087488K
  class space    used 5560K, capacity 6279K, committed 6348K, reserved 1048576K
}
Event: 12.946 GC heap before
{Heap before GC invocations=22 (full 0):
 garbage-first heap   total 76800K, used 57855K [0x00000000c3000000, 0x0000000100000000)
  region size 1024K, 28 young (28672K), 3 survivors (3072K)
 Metaspace       used 43099K, capacity 44803K, committed 45004K, reserved 1087488K
  class space    used 5560K, capacity 6279K, committed 6348K, reserved 1048576K
}
Event: 12.952 GC heap after
{Heap after GC invocations=23 (full 0):
 garbage-first heap   total 100352K, used 34295K [0x00000000c3000000, 0x0000000100000000)
  region size 1024K, 3 young (3072K), 3 survivors (3072K)
 Metaspace       used 43099K, capacity 44803K, committed 45004K, reserved 1087488K
  class space    used 5560K, capacity 6279K, committed 6348K, reserved 1048576K
}
Event: 13.526 GC heap before
{Heap before GC invocations=23 (full 0):
 garbage-first heap   total 100352K, used 71159K [0x00000000c3000000, 0x0000000100000000)
  region size 1024K, 40 young (40960K), 3 survivors (3072K)
 Metaspace       used 43102K, capacity 44803K, committed 45004K, reserved 1087488K
  class space    used 5560K, capacity 6279K, committed 6348K, reserved 1048576K
}
Event: 13.532 GC heap after
{Heap after GC invocations=24 (full 0):
 garbage-first heap   total 100352K, used 35321K [0x00000000c3000000, 0x0000000100000000)
  region size 1024K, 4 young (4096K), 4 survivors (4096K)
 Metaspace       used 43102K, capacity 44803K, committed 45004K, reserved 1087488K
  class space    used 5560K, capacity 6279K, committed 6348K, reserved 1048576K
}
Event: 14.144 GC heap before
{Heap before GC invocations=24 (full 0):
 garbage-first heap   total 100352K, used 73209K [0x00000000c3000000, 0x0000000100000000)
  region size 1024K, 42 young (43008K), 4 survivors (4096K)
 Metaspace       used 43149K, capacity 44870K, committed 45004K, reserved 1087488K
  class space    used 5560K, capacity 6279K, committed 6348K, reserved 1048576K
}
Event: 14.152 GC heap after
{Heap after GC invocations=25 (full 0):
 garbage-first heap   total 100352K, used 36401K [0x00000000c3000000, 0x0000000100000000)
  region size 1024K, 4 young (4096K), 4 survivors (4096K)
 Metaspace       used 43149K, capacity 44870K, committed 45004K, reserved 1087488K
  class space    used 5560K, capacity 6279K, committed 6348K, reserved 1048576K
}
Event: 14.324 GC heap before
{Heap before GC invocations=25 (full 0):
 garbage-first heap   total 100352K, used 76337K [0x00000000c3000000, 0x0000000100000000)
  region size 1024K, 44 young (45056K), 4 survivors (4096K)
 Metaspace       used 43149K, capacity 44870K, committed 45004K, reserved 1087488K
  class space    used 5560K, capacity 6279K, committed 6348K, reserved 1048576K
}
Event: 14.330 GC heap after
{Heap after GC invocations=26 (full 0):
 garbage-first heap   total 100352K, used 38061K [0x00000000c3000000, 0x0000000100000000)
  region size 1024K, 5 young (5120K), 5 survivors (5120K)
 Metaspace       used 43149K, capacity 44870K, committed 45004K, reserved 1087488K
  class space    used 5560K, capacity 6279K, committed 6348K, reserved 1048576K
}
Event: 14.470 GC heap before
{Heap before GC invocations=26 (full 0):
 garbage-first heap   total 100352K, used 77997K [0x00000000c3000000, 0x0000000100000000)
  region size 1024K, 45 young (46080K), 5 survivors (5120K)
 Metaspace       used 43149K, capacity 44870K, committed 45004K, reserved 1087488K
  class space    used 5560K, capacity 6279K, committed 6348K, reserved 1048576K
}
Event: 14.478 GC heap after
{Heap after GC invocations=27 (full 0):
 garbage-first heap   total 142336K, used 39292K [0x00000000c3000000, 0x0000000100000000)
  region size 1024K, 4 young (4096K), 4 survivors (4096K)
 Metaspace       used 43149K, capacity 44870K, committed 45004K, reserved 1087488K
  class space    used 5560K, capacity 6279K, committed 6348K, reserved 1048576K
}
Event: 14.711 GC heap before
{Heap before GC invocations=27 (full 0):
 garbage-first heap   total 142336K, used 92540K [0x00000000c3000000, 0x0000000100000000)
  region size 1024K, 57 young (58368K), 4 survivors (4096K)
 Metaspace       used 43172K, capacity 44934K, committed 45004K, reserved 1087488K
  class space    used 5560K, capacity 6279K, committed 6348K, reserved 1048576K
}
Event: 14.717 GC heap after
{Heap after GC invocations=28 (full 0):
 garbage-first heap   total 142336K, used 40525K [0x00000000c3000000, 0x0000000100000000)
  region size 1024K, 6 young (6144K), 6 survivors (6144K)
 Metaspace       used 43172K, capacity 44934K, committed 45004K, reserved 1087488K
  class space    used 5560K, capacity 6279K, committed 6348K, reserved 1048576K
}
Event: 15.605 GC heap before
{Heap before GC invocations=28 (full 0):
 garbage-first heap   total 142336K, used 110157K [0x00000000c3000000, 0x0000000100000000)
  region size 1024K, 75 young (76800K), 6 survivors (6144K)
 Metaspace       used 43930K, capacity 45702K, committed 45900K, reserved 1089536K
  class space    used 5630K, capacity 6363K, committed 6476K, reserved 1048576K
}
Event: 15.772 GC heap after
{Heap after GC invocations=29 (full 0):
 garbage-first heap   total 142336K, used 49636K [0x00000000c3000000, 0x0000000100000000)
  region size 1024K, 10 young (10240K), 10 survivors (10240K)
 Metaspace       used 43930K, capacity 45702K, committed 45900K, reserved 1089536K
  class space    used 5630K, capacity 6363K, committed 6476K, reserved 1048576K
}
Event: 16.313 GC heap before
{Heap before GC invocations=29 (full 0):
 garbage-first heap   total 142336K, used 108004K [0x00000000c3000000, 0x0000000100000000)
  region size 1024K, 68 young (69632K), 10 survivors (10240K)
 Metaspace       used 44482K, capacity 46304K, committed 46412K, reserved 1089536K
  class space    used 5687K, capacity 6434K, committed 6476K, reserved 1048576K
}
Event: 16.346 GC heap after
{Heap after GC invocations=30 (full 0):
 garbage-first heap   total 142336K, used 60004K [0x00000000c3000000, 0x0000000100000000)
  region size 1024K, 9 young (9216K), 9 survivors (9216K)
 Metaspace       used 44482K, capacity 46304K, committed 46412K, reserved 1089536K
  class space    used 5687K, capacity 6434K, committed 6476K, reserved 1048576K
}
Event: 16.674 GC heap before
{Heap before GC invocations=30 (full 0):
 garbage-first heap   total 142336K, used 110180K [0x00000000c3000000, 0x0000000100000000)
  region size 1024K, 59 young (60416K), 9 survivors (9216K)
 Metaspace       used 44527K, capacity 46304K, committed 46412K, reserved 1089536K
  class space    used 5690K, capacity 6434K, committed 6476K, reserved 1048576K
}

